<?xml version="1.0" encoding="UTF-8"?>
<!-- Generated by org.testng.reporters.JUnitReportReporter -->
<testsuite hostname="DESKTOP-PQND2VV" name="selenium.practice.SungevityHomePageTest" tests="2" failures="0" timestamp="16 Oct 2016 07:15:28 GMT" time="19.266" errors="0">
  <testcase name="testHomePageLogo" time="9.853" classname="selenium.practice.SungevityHomePageTest"/>
  <testcase name="testHomePageTitle" time="9.413" classname="selenium.practice.SungevityHomePageTest"/>
</testsuite> <!-- selenium.practice.SungevityHomePageTest -->
